/home/map/.bitmonero/bitmonero.log:2018-08-02 04:49:10.437	[P2P8]	INFO 	global	src/cryptonote_core/blockchain.cpp:3797	[1;35mBlock Archive [ALT  H=1565690 MRT=1525470502 NRT=1533185350437]
/home/map/.bitmonero/bitmonero.log:2018-08-02 05:10:17.632	[P2P1]	INFO 	global	src/cryptonote_core/blockchain.cpp:3797	[1;35mBlock Archive [ALT  H=1546000 MRT=1523003051 NRT=1533186617632]
/home/map/.bitmonero/bitmonero.log:2018-08-02 05:45:05.709	[P2P2]	INFO 	global	src/cryptonote_core/blockchain.cpp:3797	[1;35mBlock Archive [ALT  H=1546000 MRT=1523003051 NRT=1533188705709]
/home/map/.bitmonero/bitmonero.log:2018-08-02 07:00:57.720	[P2P5]	INFO 	global	src/cryptonote_core/blockchain.cpp:3797	[1;35mBlock Archive [ALT  H=1546000 MRT=1523003051 NRT=1533193257720]
/home/map/.bitmonero/bitmonero.log:2018-08-02 07:43:49.579	[P2P0]	INFO 	global	src/cryptonote_core/blockchain.cpp:3797	[1;35mBlock Archive [ALT  H=1546000 MRT=1523003051 NRT=1533195829579]
/home/map/.bitmonero/bitmonero.log:2018-08-02 10:41:58.067	[P2P0]	INFO 	global	src/cryptonote_core/blockchain.cpp:3797	[1;35mBlock Archive [ALT  H=1546000 MRT=1523003051 NRT=1533206518067]
/home/map/.bitmonero/bitmonero.log:2018-08-02 11:21:32.624	[P2P7]	INFO 	global	src/cryptonote_core/blockchain.cpp:3797	[1;35mBlock Archive [ALT  H=1546000 MRT=1523003051 NRT=1533208892623]
/home/map/.bitmonero/bitmonero.log:2018-08-02 11:33:23.061	[P2P5]	INFO 	global	src/cryptonote_core/blockchain.cpp:3797	[1;35mBlock Archive [ALT  H=1546000 MRT=1523003051 NRT=1533209603061]
/home/map/.bitmonero/bitmonero.log:2018-08-02 11:33:36.637	[P2P0]	INFO 	global	src/cryptonote_core/blockchain.cpp:3797	[1;35mBlock Archive [ALT  H=1546000 MRT=1523003051 NRT=1533209616637]
/home/map/.bitmonero/bitmonero.log:2018-08-02 12:51:05.933	[P2P8]	INFO 	global	src/cryptonote_core/blockchain.cpp:3797	[1;35mBlock Archive [ALT  H=1546000 MRT=1523003051 NRT=1533214265933]
/home/map/.bitmonero/bitmonero.log:2018-08-02 14:44:37.458	[P2P7]	INFO 	global	src/cryptonote_core/blockchain.cpp:3797	[1;35mBlock Archive [ALT  H=1591490 MRT=1528578526 NRT=1533221077458]
/home/map/.bitmonero/bitmonero.log:2018-08-02 14:44:37.491	[P2P7]	INFO 	global	src/cryptonote_core/blockchain.cpp:1563	[1;34m----- BLOCK ADDED AS ALTERNATIVE ON HEIGHT 1591490
/home/map/.bitmonero/bitmonero.log:2018-08-02 15:37:43.787	[P2P2]	INFO 	global	src/cryptonote_core/blockchain.cpp:3797	[1;35mBlock Archive [ALT  H=1546000 MRT=1523003051 NRT=1533224263787]
/home/map/.bitmonero/bitmonero.log:2018-08-02 15:45:27.272	[P2P3]	INFO 	global	src/cryptonote_core/blockchain.cpp:3797	[1;35mBlock Archive [ALT  H=1546000 MRT=1523003051 NRT=1533224727272]
/home/map/.bitmonero/bitmonero.log:2018-08-02 15:49:45.232	[P2P0]	INFO 	global	src/cryptonote_core/blockchain.cpp:3797	[1;35mBlock Archive [ALT  H=1546000 MRT=1523003051 NRT=1533224985232]
/home/map/.bitmonero/bitmonero.log:2018-08-02 15:56:50.833	[P2P9]	INFO 	global	src/cryptonote_core/blockchain.cpp:3797	[1;35mBlock Archive [ALT  H=1546000 MRT=1523003051 NRT=1533225410833]
/home/map/.bitmonero/bitmonero.log:2018-08-02 16:00:11.591	[P2P8]	INFO 	global	src/cryptonote_core/blockchain.cpp:3797	[1;35mBlock Archive [ALT  H=1546000 MRT=1523003051 NRT=1533225611591]
/home/map/.bitmonero/bitmonero.log:2018-08-02 16:29:17.111	[P2P2]	INFO 	global	src/cryptonote_core/blockchain.cpp:3797	[1;35mBlock Archive [ALT  H=1546000 MRT=1523003051 NRT=1533227357111]
/home/map/.bitmonero/bitmonero.log-2018-07-30-05-44-43:2018-07-30 05:01:01.285	[P2P3]	INFO 	global	src/cryptonote_core/blockchain.cpp:3797	[1;35mBlock Archive [ALT  H=1546000 MRT=1523003051 NRT=1532926861285][0m
/home/map/.bitmonero/bitmonero.log-2018-07-30-05-44-43:2018-07-30 05:11:54.882	[P2P2]	INFO 	global	src/cryptonote_core/blockchain.cpp:3797	[1;35mBlock Archive [ALT  H=1546000 MRT=1523003051 NRT=1532927514882][0m
/home/map/.bitmonero/bitmonero.log-2018-07-30-05-44-43:2018-07-30 05:13:03.885	[P2P2]	INFO 	global	src/cryptonote_core/blockchain.cpp:3797	[1;35mBlock Archive [ALT  H=1546000 MRT=1523003051 NRT=1532927583885][0m
/home/map/.bitmonero/bitmonero.log-2018-07-30-05-44-43:2018-07-30 05:16:48.682	[P2P3]	INFO 	global	src/cryptonote_core/blockchain.cpp:3797	[1;35mBlock Archive [ALT  H=1546000 MRT=1523003051 NRT=1532927808682][0m
/home/map/.bitmonero/bitmonero.log-2018-07-30-05-44-43:2018-07-30 05:18:15.128	[P2P0]	INFO 	global	src/cryptonote_core/blockchain.cpp:3797	[1;35mBlock Archive [ALT  H=1546000 MRT=1523003051 NRT=1532927895128][0m
/home/map/.bitmonero/bitmonero.log-2018-07-30-05-44-43:2018-07-30 05:20:37.105	[P2P0]	INFO 	global	src/cryptonote_core/blockchain.cpp:3797	[1;35mBlock Archive [ALT  H=1546000 MRT=1523003051 NRT=1532928037105][0m
/home/map/.bitmonero/bitmonero.log-2018-07-30-07-07-59:2018-07-30 06:19:24.540	[P2P3]	INFO 	global	src/cryptonote_core/blockchain.cpp:3797	[1;35mBlock Archive [ALT  H=1546000 MRT=1523003051 NRT=1532931564540][0m
/home/map/.bitmonero/bitmonero.log-2018-07-30-18-20-10:2018-07-30 07:14:21.131	[P2P2]	INFO 	global	src/cryptonote_core/blockchain.cpp:3797	[1;35mBlock Archive [ALT  H=1546000 MRT=1523003051 NRT=1532934861131][0m
/home/map/.bitmonero/bitmonero.log-2018-07-30-18-20-10:2018-07-30 07:17:01.498	[P2P2]	INFO 	global	src/cryptonote_core/blockchain.cpp:3797	[1;35mBlock Archive [ALT  H=1546000 MRT=1523003051 NRT=1532935021498][0m
/home/map/.bitmonero/bitmonero.log-2018-07-30-18-20-10:2018-07-30 07:45:00.296	[P2P8]	INFO 	global	src/cryptonote_core/blockchain.cpp:3797	[1;35mBlock Archive [ALT  H=1546000 MRT=1523003051 NRT=1532936700296][0m
/home/map/.bitmonero/bitmonero.log-2018-07-30-18-20-10:2018-07-30 07:49:39.081	[P2P8]	INFO 	global	src/cryptonote_core/blockchain.cpp:3797	[1;35mBlock Archive [ALT  H=1546000 MRT=1523003051 NRT=1532936979081][0m
/home/map/.bitmonero/bitmonero.log-2018-07-30-18-20-10:2018-07-30 07:55:04.669	[P2P8]	INFO 	global	src/cryptonote_core/blockchain.cpp:3797	[1;35mBlock Archive [ALT  H=1546000 MRT=1523003051 NRT=1532937304669][0m
/home/map/.bitmonero/bitmonero.log-2018-07-30-18-20-10:2018-07-30 07:56:22.389	[P2P2]	INFO 	global	src/cryptonote_core/blockchain.cpp:3797	[1;35mBlock Archive [ALT  H=1546000 MRT=1523003051 NRT=1532937382389][0m
/home/map/.bitmonero/bitmonero.log-2018-07-30-18-20-10:2018-07-30 07:57:01.068	[P2P6]	INFO 	global	src/cryptonote_core/blockchain.cpp:3797	[1;35mBlock Archive [ALT  H=1546000 MRT=1523003051 NRT=1532937421068][0m
/home/map/.bitmonero/bitmonero.log-2018-07-30-18-20-10:2018-07-30 07:58:05.927	[P2P7]	INFO 	global	src/cryptonote_core/blockchain.cpp:3797	[1;35mBlock Archive [ALT  H=1546000 MRT=1523003051 NRT=1532937485927][0m
/home/map/.bitmonero/bitmonero.log-2018-07-30-18-20-10:2018-07-30 08:04:48.566	[P2P8]	INFO 	global	src/cryptonote_core/blockchain.cpp:3797	[1;35mBlock Archive [ALT  H=1546000 MRT=1523003051 NRT=1532937888566][0m
/home/map/.bitmonero/bitmonero.log-2018-07-30-18-20-10:2018-07-30 08:06:02.471	[P2P8]	INFO 	global	src/cryptonote_core/blockchain.cpp:3797	[1;35mBlock Archive [ALT  H=1546000 MRT=1523003051 NRT=1532937962471][0m
/home/map/.bitmonero/bitmonero.log-2018-07-30-18-20-10:2018-07-30 08:07:20.845	[P2P4]	INFO 	global	src/cryptonote_core/blockchain.cpp:3797	[1;35mBlock Archive [ALT  H=1546000 MRT=1523003051 NRT=1532938040845][0m
/home/map/.bitmonero/bitmonero.log-2018-07-30-18-20-10:2018-07-30 08:09:13.197	[P2P6]	INFO 	global	src/cryptonote_core/blockchain.cpp:3797	[1;35mBlock Archive [ALT  H=1546000 MRT=1523003051 NRT=1532938153197][0m
/home/map/.bitmonero/bitmonero.log-2018-07-30-18-20-10:2018-07-30 08:11:27.914	[P2P1]	INFO 	global	src/cryptonote_core/blockchain.cpp:3797	[1;35mBlock Archive [ALT  H=1546000 MRT=1523003051 NRT=1532938287914][0m
/home/map/.bitmonero/bitmonero.log-2018-07-30-18-20-10:2018-07-30 08:23:50.588	[P2P2]	INFO 	global	src/cryptonote_core/blockchain.cpp:3797	[1;35mBlock Archive [ALT  H=1599986 MRT=1529602173 NRT=1532939030588][0m
/home/map/.bitmonero/bitmonero.log-2018-07-30-18-20-10:2018-07-30 08:23:50.627	[P2P2]	INFO 	global	src/cryptonote_core/blockchain.cpp:1563	[1;34m----- BLOCK ADDED AS ALTERNATIVE ON HEIGHT 1599986
/home/map/.bitmonero/bitmonero.log-2018-07-30-18-20-10:2018-07-30 08:44:05.051	[P2P0]	INFO 	global	src/cryptonote_core/blockchain.cpp:3797	[1;35mBlock Archive [ALT  H=1565690 MRT=1525470502 NRT=1532940245051]
/home/map/.bitmonero/bitmonero.log-2018-07-30-18-20-10:2018-07-30 08:45:12.367	[P2P3]	INFO 	global	src/cryptonote_core/blockchain.cpp:3797	[1;35mBlock Archive [ALT  H=1565690 MRT=1525470502 NRT=1532940312367]
/home/map/.bitmonero/bitmonero.log-2018-07-30-18-20-10:2018-07-30 08:49:39.108	[P2P5]	INFO 	global	src/cryptonote_core/blockchain.cpp:3797	[1;35mBlock Archive [ALT  H=1565690 MRT=1525470502 NRT=1532940579108]
/home/map/.bitmonero/bitmonero.log-2018-07-30-18-20-10:2018-07-30 08:50:23.494	[P2P7]	INFO 	global	src/cryptonote_core/blockchain.cpp:3797	[1;35mBlock Archive [ALT  H=1546000 MRT=1523003051 NRT=1532940623494]
/home/map/.bitmonero/bitmonero.log-2018-07-30-18-20-10:2018-07-30 08:53:48.380	[P2P4]	INFO 	global	src/cryptonote_core/blockchain.cpp:3797	[1;35mBlock Archive [ALT  H=1546000 MRT=1523003051 NRT=1532940828380]
/home/map/.bitmonero/bitmonero.log-2018-07-30-18-20-10:2018-07-30 08:57:43.472	[P2P5]	INFO 	global	src/cryptonote_core/blockchain.cpp:3797	[1;35mBlock Archive [ALT  H=1565690 MRT=1525470502 NRT=1532941063471]
/home/map/.bitmonero/bitmonero.log-2018-07-30-18-20-10:2018-07-30 09:04:15.264	[P2P7]	INFO 	global	src/cryptonote_core/blockchain.cpp:3797	[1;35mBlock Archive [ALT  H=1546000 MRT=1523003051 NRT=1532941455264]
/home/map/.bitmonero/bitmonero.log-2018-07-30-18-20-10:2018-07-30 09:05:08.428	[P2P8]	INFO 	global	src/cryptonote_core/blockchain.cpp:3797	[1;35mBlock Archive [ALT  H=1546000 MRT=1523003051 NRT=1532941508428]
/home/map/.bitmonero/bitmonero.log-2018-07-30-18-20-10:2018-07-30 09:06:15.865	[P2P6]	INFO 	global	src/cryptonote_core/blockchain.cpp:3797	[1;35mBlock Archive [ALT  H=1565690 MRT=1525470502 NRT=1532941575865]
/home/map/.bitmonero/bitmonero.log-2018-07-30-18-20-10:2018-07-30 09:11:50.023	[P2P3]	INFO 	global	src/cryptonote_core/blockchain.cpp:3797	[1;35mBlock Archive [ALT  H=1546000 MRT=1523003051 NRT=1532941910023]
/home/map/.bitmonero/bitmonero.log-2018-07-30-18-20-10:2018-07-30 09:22:21.253	[P2P8]	INFO 	global	src/cryptonote_core/blockchain.cpp:3797	[1;35mBlock Archive [ALT  H=1546000 MRT=1523003051 NRT=1532942541253]
/home/map/.bitmonero/bitmonero.log-2018-07-30-18-20-10:2018-07-30 09:32:47.046	[P2P5]	INFO 	global	src/cryptonote_core/blockchain.cpp:3797	[1;35mBlock Archive [ALT  H=1546000 MRT=1523003051 NRT=1532943167046]
/home/map/.bitmonero/bitmonero.log-2018-07-30-18-20-10:2018-07-30 09:37:55.031	[P2P8]	INFO 	global	src/cryptonote_core/blockchain.cpp:3797	[1;35mBlock Archive [ALT  H=1546000 MRT=1523003051 NRT=1532943475031]
/home/map/.bitmonero/bitmonero.log-2018-07-30-18-20-10:2018-07-30 09:43:15.311	[P2P3]	INFO 	global	src/cryptonote_core/blockchain.cpp:3797	[1;35mBlock Archive [ALT  H=1546000 MRT=1523003051 NRT=1532943795311]
/home/map/.bitmonero/bitmonero.log-2018-07-30-18-20-10:2018-07-30 09:46:16.586	[P2P2]	INFO 	global	src/cryptonote_core/blockchain.cpp:3797	[1;35mBlock Archive [ALT  H=1546000 MRT=1523003051 NRT=1532943976586]
/home/map/.bitmonero/bitmonero.log-2018-07-30-18-20-10:2018-07-30 10:23:51.329	[P2P9]	INFO 	global	src/cryptonote_core/blockchain.cpp:3797	[1;35mBlock Archive [ALT  H=1609549 MRT=1530767778 NRT=1532946231329]
/home/map/.bitmonero/bitmonero.log-2018-07-30-18-20-10:2018-07-30 10:23:51.371	[P2P9]	INFO 	global	src/cryptonote_core/blockchain.cpp:1563	[1;34m----- BLOCK ADDED AS ALTERNATIVE ON HEIGHT 1609549
/home/map/.bitmonero/bitmonero.log-2018-07-30-18-20-10:2018-07-30 10:37:45.707	[P2P9]	INFO 	global	src/cryptonote_core/blockchain.cpp:3797	[1;35mBlock Archive [ALT  H=1596549 MRT=1529191676 NRT=1532947065707]
/home/map/.bitmonero/bitmonero.log-2018-07-30-18-20-10:2018-07-30 10:37:45.767	[P2P9]	INFO 	global	src/cryptonote_core/blockchain.cpp:1563	[1;34m----- BLOCK ADDED AS ALTERNATIVE ON HEIGHT 1596549
/home/map/.bitmonero/bitmonero.log-2018-07-30-18-20-10:2018-07-30 10:37:45.774	[P2P9]	INFO 	global	src/cryptonote_core/blockchain.cpp:3797	[1;35mBlock Archive [ALT  H=1596550 MRT=1529193858 NRT=1532947065774]
/home/map/.bitmonero/bitmonero.log-2018-07-30-18-20-10:2018-07-30 10:37:45.828	[P2P9]	INFO 	global	src/cryptonote_core/blockchain.cpp:1563	[1;34m----- BLOCK ADDED AS ALTERNATIVE ON HEIGHT 1596550
/home/map/.bitmonero/bitmonero.log-2018-07-30-18-20-10:2018-07-30 10:37:45.836	[P2P9]	INFO 	global	src/cryptonote_core/blockchain.cpp:3797	[1;35mBlock Archive [ALT  H=1596551 MRT=1529194626 NRT=1532947065836]
/home/map/.bitmonero/bitmonero.log-2018-07-30-18-20-10:2018-07-30 10:37:45.889	[P2P9]	INFO 	global	src/cryptonote_core/blockchain.cpp:1563	[1;34m----- BLOCK ADDED AS ALTERNATIVE ON HEIGHT 1596551
/home/map/.bitmonero/bitmonero.log-2018-07-30-18-20-10:2018-07-30 10:37:45.895	[P2P9]	INFO 	global	src/cryptonote_core/blockchain.cpp:3797	[1;35mBlock Archive [ALT  H=1596552 MRT=1529197564 NRT=1532947065895]
/home/map/.bitmonero/bitmonero.log-2018-07-30-18-20-10:2018-07-30 10:37:45.936	[P2P9]	INFO 	global	src/cryptonote_core/blockchain.cpp:1563	[1;34m----- BLOCK ADDED AS ALTERNATIVE ON HEIGHT 1596552
/home/map/.bitmonero/bitmonero.log-2018-07-30-18-20-10:2018-07-30 11:15:47.271	[P2P5]	INFO 	global	src/cryptonote_core/blockchain.cpp:3797	[1;35mBlock Archive [ALT  H=1568536 MRT=1525815442 NRT=1532949347271]
/home/map/.bitmonero/bitmonero.log-2018-07-30-18-20-10:2018-07-30 11:20:48.289	[P2P5]	INFO 	global	src/cryptonote_core/blockchain.cpp:3797	[1;35mBlock Archive [ALT  H=1546000 MRT=1523003051 NRT=1532949648289]
/home/map/.bitmonero/bitmonero.log-2018-07-30-18-20-10:2018-07-30 11:25:05.835	[P2P6]	INFO 	global	src/cryptonote_core/blockchain.cpp:3797	[1;35mBlock Archive [ALT  H=1546000 MRT=1523003051 NRT=1532949905835]
/home/map/.bitmonero/bitmonero.log-2018-07-30-18-20-10:2018-07-30 11:29:29.206	[P2P7]	INFO 	global	src/cryptonote_core/blockchain.cpp:3797	[1;35mBlock Archive [ALT  H=1546000 MRT=1523003051 NRT=1532950169206]
/home/map/.bitmonero/bitmonero.log-2018-07-30-18-20-10:2018-07-30 11:32:13.475	[P2P9]	INFO 	global	src/cryptonote_core/blockchain.cpp:3797	[1;35mBlock Archive [ALT  H=1587293 MRT=1528076183 NRT=1532950333475]
/home/map/.bitmonero/bitmonero.log-2018-07-30-18-20-10:2018-07-30 11:32:13.511	[P2P9]	INFO 	global	src/cryptonote_core/blockchain.cpp:1563	[1;34m----- BLOCK ADDED AS ALTERNATIVE ON HEIGHT 1587293
/home/map/.bitmonero/bitmonero.log-2018-07-30-18-20-10:2018-07-30 11:32:13.513	[P2P9]	INFO 	global	src/cryptonote_core/blockchain.cpp:3797	[1;35mBlock Archive [ALT  H=1587294 MRT=1528076213 NRT=1532950333513]
/home/map/.bitmonero/bitmonero.log-2018-07-30-18-20-10:2018-07-30 11:32:13.549	[P2P9]	INFO 	global	src/cryptonote_core/blockchain.cpp:1563	[1;34m----- BLOCK ADDED AS ALTERNATIVE ON HEIGHT 1587294
/home/map/.bitmonero/bitmonero.log-2018-07-30-18-20-10:2018-07-30 11:32:13.555	[P2P9]	INFO 	global	src/cryptonote_core/blockchain.cpp:3797	[1;35mBlock Archive [ALT  H=1587295 MRT=1528077835 NRT=1532950333555]
/home/map/.bitmonero/bitmonero.log-2018-07-30-18-20-10:2018-07-30 11:32:13.590	[P2P9]	INFO 	global	src/cryptonote_core/blockchain.cpp:1563	[1;34m----- BLOCK ADDED AS ALTERNATIVE ON HEIGHT 1587295
/home/map/.bitmonero/bitmonero.log-2018-07-30-18-20-10:2018-07-30 11:32:13.597	[P2P9]	INFO 	global	src/cryptonote_core/blockchain.cpp:3797	[1;35mBlock Archive [ALT  H=1587296 MRT=1528078679 NRT=1532950333597]
/home/map/.bitmonero/bitmonero.log-2018-07-30-18-20-10:2018-07-30 11:32:13.634	[P2P9]	INFO 	global	src/cryptonote_core/blockchain.cpp:1563	[1;34m----- BLOCK ADDED AS ALTERNATIVE ON HEIGHT 1587296
/home/map/.bitmonero/bitmonero.log-2018-07-30-18-20-10:2018-07-30 11:32:13.640	[P2P9]	INFO 	global	src/cryptonote_core/blockchain.cpp:3797	[1;35mBlock Archive [ALT  H=1587297 MRT=1528082981 NRT=1532950333640]
/home/map/.bitmonero/bitmonero.log-2018-07-30-18-20-10:2018-07-30 11:32:13.674	[P2P9]	INFO 	global	src/cryptonote_core/blockchain.cpp:1563	[1;34m----- BLOCK ADDED AS ALTERNATIVE ON HEIGHT 1587297
/home/map/.bitmonero/bitmonero.log-2018-07-30-18-20-10:2018-07-30 11:32:13.680	[P2P9]	INFO 	global	src/cryptonote_core/blockchain.cpp:3797	[1;35mBlock Archive [ALT  H=1587298 MRT=1528085351 NRT=1532950333680]
/home/map/.bitmonero/bitmonero.log-2018-07-30-18-20-10:2018-07-30 11:32:13.713	[P2P9]	INFO 	global	src/cryptonote_core/blockchain.cpp:1563	[1;34m----- BLOCK ADDED AS ALTERNATIVE ON HEIGHT 1587298
/home/map/.bitmonero/bitmonero.log-2018-07-30-18-20-10:2018-07-30 11:36:33.713	[P2P5]	INFO 	global	src/cryptonote_core/blockchain.cpp:3797	[1;35mBlock Archive [ALT  H=1546000 MRT=1523003051 NRT=1532950593713]
/home/map/.bitmonero/bitmonero.log-2018-07-30-18-20-10:2018-07-30 11:38:36.612	[P2P8]	INFO 	global	src/cryptonote_core/blockchain.cpp:3797	[1;35mBlock Archive [ALT  H=1546000 MRT=1523003051 NRT=1532950716612]
/home/map/.bitmonero/bitmonero.log-2018-07-30-18-20-10:2018-07-30 12:32:50.151	[P2P8]	INFO 	global	src/cryptonote_core/blockchain.cpp:3797	[1;35mBlock Archive [ALT  H=1578847 MRT=1527059325 NRT=1532953970151]
/home/map/.bitmonero/bitmonero.log-2018-07-30-18-20-10:2018-07-30 12:50:38.474	[P2P6]	INFO 	global	src/cryptonote_core/blockchain.cpp:3797	[1;35mBlock Archive [ALT  H=1546000 MRT=1523003051 NRT=1532955038474]
/home/map/.bitmonero/bitmonero.log-2018-07-30-18-20-10:2018-07-30 14:07:34.946	[P2P7]	INFO 	global	src/cryptonote_core/blockchain.cpp:3797	[1;35mBlock Archive [ALT  H=1565690 MRT=1525470502 NRT=1532959654946]
/home/map/.bitmonero/bitmonero.log-2018-07-30-18-20-10:2018-07-30 14:19:38.453	[P2P1]	INFO 	global	src/cryptonote_core/blockchain.cpp:3797	[1;35mBlock Archive [ALT  H=1598110 MRT=1529372206 NRT=1532960378453]
/home/map/.bitmonero/bitmonero.log-2018-07-30-18-20-10:2018-07-30 14:19:38.492	[P2P1]	INFO 	global	src/cryptonote_core/blockchain.cpp:1563	[1;34m----- BLOCK ADDED AS ALTERNATIVE ON HEIGHT 1598110
/home/map/.bitmonero/bitmonero.log-2018-07-30-18-20-10:2018-07-30 14:19:38.495	[P2P1]	INFO 	global	src/cryptonote_core/blockchain.cpp:3797	[1;35mBlock Archive [ALT  H=1598111 MRT=1529372991 NRT=1532960378495]
/home/map/.bitmonero/bitmonero.log-2018-07-30-18-20-10:2018-07-30 14:19:38.533	[P2P1]	INFO 	global	src/cryptonote_core/blockchain.cpp:1563	[1;34m----- BLOCK ADDED AS ALTERNATIVE ON HEIGHT 1598111
/home/map/.bitmonero/bitmonero.log-2018-07-30-18-20-10:2018-07-30 15:38:20.103	[P2P0]	INFO 	global	src/cryptonote_core/blockchain.cpp:3797	[1;35mBlock Archive [ALT  H=1546000 MRT=1523003051 NRT=1532965100103]
/home/map/.bitmonero/bitmonero.log-2018-07-30-18-20-10:2018-07-30 15:39:39.271	[P2P3]	INFO 	global	src/cryptonote_core/blockchain.cpp:3797	[1;35mBlock Archive [ALT  H=1546000 MRT=1523003051 NRT=1532965179271]
/home/map/.bitmonero/bitmonero.log-2018-07-30-18-20-10:2018-07-30 17:01:36.711	[P2P9]	INFO 	global	src/cryptonote_core/blockchain.cpp:3797	[1;35mBlock Archive [ALT  H=1546000 MRT=1523003051 NRT=1532970096711]
/home/map/.bitmonero/bitmonero.log-2018-07-30-18-20-10:2018-07-30 17:03:55.601	[P2P8]	INFO 	global	src/cryptonote_core/blockchain.cpp:3797	[1;35mBlock Archive [ALT  H=1624911 MRT=1532589117 NRT=1532970235601]
/home/map/.bitmonero/bitmonero.log-2018-07-30-18-20-10:2018-07-30 17:03:55.640	[P2P8]	INFO 	global	src/cryptonote_core/blockchain.cpp:1563	[1;34m----- BLOCK ADDED AS ALTERNATIVE ON HEIGHT 1624911
/home/map/.bitmonero/bitmonero.log-2018-07-30-18-20-10:2018-07-30 17:04:48.814	[P2P9]	INFO 	global	src/cryptonote_core/blockchain.cpp:3797	[1;35mBlock Archive [ALT  H=1546000 MRT=1523003051 NRT=1532970288814]
/home/map/.bitmonero/bitmonero.log-2018-07-30-18-20-10:2018-07-30 17:05:52.049	[P2P2]	INFO 	global	src/cryptonote_core/blockchain.cpp:3797	[1;35mBlock Archive [ALT  H=1546000 MRT=1523003051 NRT=1532970352049]
/home/map/.bitmonero/bitmonero.log-2018-07-30-18-20-10:2018-07-30 17:26:02.802	[P2P3]	INFO 	global	src/cryptonote_core/blockchain.cpp:3797	[1;35mBlock Archive [ALT  H=1546000 MRT=1523003051 NRT=1532971562802]
/home/map/.bitmonero/bitmonero.log-2018-07-30-18-20-10:2018-07-30 17:52:59.434	[P2P6]	INFO 	global	src/cryptonote_core/blockchain.cpp:3797	[1;35mBlock Archive [ALT  H=1628126 MRT=1532972912 NRT=1532973179434]
/home/map/.bitmonero/bitmonero.log-2018-07-30-18-20-10:2018-07-30 17:52:59.467	[P2P6]	INFO 	global	src/cryptonote_core/blockchain.cpp:1563	[1;34m----- BLOCK ADDED AS ALTERNATIVE ON HEIGHT 1628126
/home/map/.bitmonero/bitmonero.log-2018-07-31-13-53-41:2018-07-30 18:29:53.946	[P2P7]	INFO 	global	src/cryptonote_core/blockchain.cpp:3797	[1;35mBlock Archive [ALT  H=1565690 MRT=1525470502 NRT=1532975393946]
/home/map/.bitmonero/bitmonero.log-2018-07-31-13-53-41:2018-07-30 18:49:00.284	[P2P5]	INFO 	global	src/cryptonote_core/blockchain.cpp:3797	[1;35mBlock Archive [ALT  H=1546000 MRT=1523003051 NRT=1532976540284]
/home/map/.bitmonero/bitmonero.log-2018-07-31-13-53-41:2018-07-30 18:51:59.458	[P2P3]	INFO 	global	src/cryptonote_core/blockchain.cpp:3797	[1;35mBlock Archive [ALT  H=1546000 MRT=1523003051 NRT=1532976719458]
/home/map/.bitmonero/bitmonero.log-2018-07-31-13-53-41:2018-07-30 18:55:59.375	[P2P7]	INFO 	global	src/cryptonote_core/blockchain.cpp:3797	[1;35mBlock Archive [ALT  H=1546000 MRT=1523003051 NRT=1532976959375]
/home/map/.bitmonero/bitmonero.log-2018-07-31-13-53-41:2018-07-30 18:57:46.039	[P2P7]	INFO 	global	src/cryptonote_core/blockchain.cpp:3797	[1;35mBlock Archive [ALT  H=1546000 MRT=1523003051 NRT=1532977066039]
/home/map/.bitmonero/bitmonero.log-2018-07-31-13-53-41:2018-07-30 19:02:07.437	[P2P4]	INFO 	global	src/cryptonote_core/blockchain.cpp:3797	[1;35mBlock Archive [ALT  H=1546000 MRT=1523003051 NRT=1532977327436]
/home/map/.bitmonero/bitmonero.log-2018-07-31-13-53-41:2018-07-30 19:03:38.209	[P2P4]	INFO 	global	src/cryptonote_core/blockchain.cpp:3797	[1;35mBlock Archive [ALT  H=1546000 MRT=1523003051 NRT=1532977418209]
/home/map/.bitmonero/bitmonero.log-2018-07-31-13-53-41:2018-07-30 20:11:32.811	[P2P2]	INFO 	global	src/cryptonote_core/blockchain.cpp:3797	[1;35mBlock Archive [ALT  H=1628192 MRT=1532981170 NRT=1532981492811]
/home/map/.bitmonero/bitmonero.log-2018-07-31-13-53-41:2018-07-30 20:11:32.848	[P2P2]	INFO 	global	src/cryptonote_core/blockchain.cpp:1563	[1;34m----- BLOCK ADDED AS ALTERNATIVE ON HEIGHT 1628192
/home/map/.bitmonero/bitmonero.log-2018-07-31-13-53-41:2018-07-30 21:02:05.884	[P2P2]	INFO 	global	src/cryptonote_core/blockchain.cpp:3797	[1;35mBlock Archive [ALT  H=1546000 MRT=1523003051 NRT=1532984525884]
/home/map/.bitmonero/bitmonero.log-2018-07-31-13-53-41:2018-07-30 21:05:53.958	[P2P0]	INFO 	global	src/cryptonote_core/blockchain.cpp:3797	[1;35mBlock Archive [ALT  H=1546000 MRT=1523003051 NRT=1532984753958]
/home/map/.bitmonero/bitmonero.log-2018-07-31-13-53-41:2018-07-30 21:09:51.036	[P2P4]	INFO 	global	src/cryptonote_core/blockchain.cpp:3797	[1;35mBlock Archive [ALT  H=1604268 MRT=1530108969 NRT=1532984991036]
/home/map/.bitmonero/bitmonero.log-2018-07-31-13-53-41:2018-07-30 21:09:51.073	[P2P4]	INFO 	global	src/cryptonote_core/blockchain.cpp:1563	[1;34m----- BLOCK ADDED AS ALTERNATIVE ON HEIGHT 1604268
/home/map/.bitmonero/bitmonero.log-2018-07-31-13-53-41:2018-07-30 21:49:18.762	[P2P4]	INFO 	global	src/cryptonote_core/blockchain.cpp:3797	[1;35mBlock Archive [ALT  H=1568536 MRT=1525815442 NRT=1532987358762]
/home/map/.bitmonero/bitmonero.log-2018-07-31-13-53-41:2018-07-30 21:49:51.238	[P2P6]	INFO 	global	src/cryptonote_core/blockchain.cpp:3797	[1;35mBlock Archive [ALT  H=1546000 MRT=1523003051 NRT=1532987391238]
/home/map/.bitmonero/bitmonero.log-2018-07-31-13-53-41:2018-07-30 22:09:05.808	[P2P1]	INFO 	global	src/cryptonote_core/blockchain.cpp:3797	[1;35mBlock Archive [ALT  H=1628265 MRT=1532988312 NRT=1532988545808]
/home/map/.bitmonero/bitmonero.log-2018-07-31-13-53-41:2018-07-30 22:09:05.839	[P2P1]	INFO 	global	src/cryptonote_core/blockchain.cpp:1563	[1;34m----- BLOCK ADDED AS ALTERNATIVE ON HEIGHT 1628265
/home/map/.bitmonero/bitmonero.log-2018-07-31-13-53-41:2018-07-30 22:31:39.625	[P2P0]	INFO 	global	src/cryptonote_core/blockchain.cpp:3797	[1;35mBlock Archive [ALT  H=1546000 MRT=1523003051 NRT=1532989899625]
/home/map/.bitmonero/bitmonero.log-2018-07-31-13-53-41:2018-07-30 22:33:56.997	[P2P0]	INFO 	global	src/cryptonote_core/blockchain.cpp:3797	[1;35mBlock Archive [ALT  H=1546000 MRT=1523003051 NRT=1532990036997]
/home/map/.bitmonero/bitmonero.log-2018-07-31-13-53-41:2018-07-30 22:35:26.431	[P2P1]	INFO 	global	src/cryptonote_core/blockchain.cpp:3797	[1;35mBlock Archive [ALT  H=1546000 MRT=1523003051 NRT=1532990126431]
/home/map/.bitmonero/bitmonero.log-2018-07-31-13-53-41:2018-07-30 22:50:02.509	[P2P1]	INFO 	global	src/cryptonote_core/blockchain.cpp:3797	[1;35mBlock Archive [ALT  H=1593865 MRT=1528869944 NRT=1532991002509]
/home/map/.bitmonero/bitmonero.log-2018-07-31-13-53-41:2018-07-30 22:50:02.556	[P2P1]	INFO 	global	src/cryptonote_core/blockchain.cpp:1563	[1;34m----- BLOCK ADDED AS ALTERNATIVE ON HEIGHT 1593865
/home/map/.bitmonero/bitmonero.log-2018-07-31-13-53-41:2018-07-30 23:47:02.023	[P2P7]	INFO 	global	src/cryptonote_core/blockchain.cpp:3797	[1;35mBlock Archive [ALT  H=1589926 MRT=1528385998 NRT=1532994422023]
/home/map/.bitmonero/bitmonero.log-2018-07-31-13-53-41:2018-07-30 23:47:02.060	[P2P7]	INFO 	global	src/cryptonote_core/blockchain.cpp:1563	[1;34m----- BLOCK ADDED AS ALTERNATIVE ON HEIGHT 1589926
/home/map/.bitmonero/bitmonero.log-2018-07-31-13-53-41:2018-07-30 23:47:02.067	[P2P7]	INFO 	global	src/cryptonote_core/blockchain.cpp:3797	[1;35mBlock Archive [ALT  H=1589927 MRT=1528388536 NRT=1532994422067]
/home/map/.bitmonero/bitmonero.log-2018-07-31-13-53-41:2018-07-30 23:47:02.100	[P2P7]	INFO 	global	src/cryptonote_core/blockchain.cpp:1563	[1;34m----- BLOCK ADDED AS ALTERNATIVE ON HEIGHT 1589927
/home/map/.bitmonero/bitmonero.log-2018-07-31-13-53-41:2018-07-30 23:47:02.108	[P2P7]	INFO 	global	src/cryptonote_core/blockchain.cpp:3797	[1;35mBlock Archive [ALT  H=1589928 MRT=1528388884 NRT=1532994422108]
/home/map/.bitmonero/bitmonero.log-2018-07-31-13-53-41:2018-07-30 23:47:02.140	[P2P7]	INFO 	global	src/cryptonote_core/blockchain.cpp:1563	[1;34m----- BLOCK ADDED AS ALTERNATIVE ON HEIGHT 1589928
/home/map/.bitmonero/bitmonero.log-2018-07-31-13-53-41:2018-07-31 01:16:56.418	[P2P4]	INFO 	global	src/cryptonote_core/blockchain.cpp:3797	[1;35mBlock Archive [ALT  H=1628353 MRT=1532999791 NRT=1532999816418]
/home/map/.bitmonero/bitmonero.log-2018-07-31-13-53-41:2018-07-31 01:16:56.454	[P2P4]	INFO 	global	src/cryptonote_core/blockchain.cpp:1563	[1;34m----- BLOCK ADDED AS ALTERNATIVE ON HEIGHT 1628353
/home/map/.bitmonero/bitmonero.log-2018-07-31-13-53-41:2018-07-31 02:18:10.658	[P2P3]	INFO 	global	src/cryptonote_core/blockchain.cpp:3797	[1;35mBlock Archive [ALT  H=1628383 MRT=1533003415 NRT=1533003490658]
/home/map/.bitmonero/bitmonero.log-2018-07-31-13-53-41:2018-07-31 02:18:16.313	[P2P7]	INFO 	global	src/cryptonote_core/blockchain.cpp:3797	[1;35mBlock Archive [ALT  H=1628382 MRT=1533003346 NRT=1533003496313]
/home/map/.bitmonero/bitmonero.log-2018-07-31-13-53-41:2018-07-31 02:18:16.347	[P2P7]	INFO 	global	src/cryptonote_core/blockchain.cpp:1563	[1;34m----- BLOCK ADDED AS ALTERNATIVE ON HEIGHT 1628382
/home/map/.bitmonero/bitmonero.log-2018-07-31-13-53-41:2018-07-31 02:18:16.350	[P2P7]	INFO 	global	src/cryptonote_core/blockchain.cpp:3797	[1;35mBlock Archive [ALT  H=1628383 MRT=1533003415 NRT=1533003496349]
/home/map/.bitmonero/bitmonero.log-2018-07-31-13-53-41:2018-07-31 02:18:16.545	[P2P7]	INFO 	global	src/cryptonote_core/blockchain.cpp:1563	[1;34m----- BLOCK ADDED AS ALTERNATIVE ON HEIGHT 1628382
/home/map/.bitmonero/bitmonero.log-2018-07-31-13-53-41:2018-07-31 02:18:19.001	[P2P6]	INFO 	global	src/cryptonote_core/blockchain.cpp:3797	[1;35mBlock Archive [ALT  H=1628383 MRT=1533003425 NRT=1533003499001]
/home/map/.bitmonero/bitmonero.log-2018-07-31-13-53-41:2018-07-31 02:18:19.037	[P2P6]	INFO 	global	src/cryptonote_core/blockchain.cpp:1563	[1;34m----- BLOCK ADDED AS ALTERNATIVE ON HEIGHT 1628383
/home/map/.bitmonero/bitmonero.log-2018-07-31-13-53-41:2018-07-31 02:55:46.877	[P2P8]	INFO 	global	src/cryptonote_core/blockchain.cpp:3797	[1;35mBlock Archive [ALT  H=1546000 MRT=1523003051 NRT=1533005746877]
/home/map/.bitmonero/bitmonero.log-2018-07-31-13-53-41:2018-07-31 02:56:57.671	[P2P7]	INFO 	global	src/cryptonote_core/blockchain.cpp:3797	[1;35mBlock Archive [ALT  H=1546000 MRT=1523003051 NRT=1533005817671]
/home/map/.bitmonero/bitmonero.log-2018-07-31-13-53-41:2018-07-31 03:06:05.040	[P2P8]	INFO 	global	src/cryptonote_core/blockchain.cpp:3797	[1;35mBlock Archive [ALT  H=1546000 MRT=1523003051 NRT=1533006365040]
/home/map/.bitmonero/bitmonero.log-2018-07-31-13-53-41:2018-07-31 04:13:35.353	[P2P4]	INFO 	global	src/cryptonote_core/blockchain.cpp:3797	[1;35mBlock Archive [ALT  H=1578847 MRT=1527059325 NRT=1533010415353]
/home/map/.bitmonero/bitmonero.log-2018-07-31-13-53-41:2018-07-31 05:04:00.524	[P2P9]	INFO 	global	src/cryptonote_core/blockchain.cpp:3797	[1;35mBlock Archive [ALT  H=1546000 MRT=1523003051 NRT=1533013440524]
/home/map/.bitmonero/bitmonero.log-2018-07-31-13-53-41:2018-07-31 05:09:51.411	[P2P1]	INFO 	global	src/cryptonote_core/blockchain.cpp:3797	[1;35mBlock Archive [ALT  H=1546000 MRT=1523003051 NRT=1533013791411]
/home/map/.bitmonero/bitmonero.log-2018-07-31-13-53-41:2018-07-31 06:30:23.990	[P2P3]	INFO 	global	src/cryptonote_core/blockchain.cpp:3797	[1;35mBlock Archive [ALT  H=1546000 MRT=1523003051 NRT=1533018623990]
/home/map/.bitmonero/bitmonero.log-2018-07-31-13-53-41:2018-07-31 06:57:32.715	[P2P7]	INFO 	global	src/cryptonote_core/blockchain.cpp:3797	[1;35mBlock Archive [ALT  H=1546000 MRT=1523003051 NRT=1533020252715]
/home/map/.bitmonero/bitmonero.log-2018-07-31-13-53-41:2018-07-31 06:59:02.079	[P2P0]	INFO 	global	src/cryptonote_core/blockchain.cpp:3797	[1;35mBlock Archive [ALT  H=1546000 MRT=1523003051 NRT=1533020342079]
/home/map/.bitmonero/bitmonero.log-2018-07-31-13-53-41:2018-07-31 07:02:10.524	[P2P0]	INFO 	global	src/cryptonote_core/blockchain.cpp:3797	[1;35mBlock Archive [ALT  H=1546000 MRT=1523003051 NRT=1533020530524]
/home/map/.bitmonero/bitmonero.log-2018-07-31-13-53-41:2018-07-31 07:31:50.415	[P2P7]	INFO 	global	src/cryptonote_core/blockchain.cpp:3797	[1;35mBlock Archive [ALT  H=1562061 MRT=1525032170 NRT=1533022310415]
/home/map/.bitmonero/bitmonero.log-2018-07-31-13-53-41:2018-07-31 07:53:14.616	[P2P4]	INFO 	global	src/cryptonote_core/blockchain.cpp:3797	[1;35mBlock Archive [ALT  H=1562061 MRT=1525032170 NRT=1533023594616]
/home/map/.bitmonero/bitmonero.log-2018-07-31-13-53-41:2018-07-31 07:55:42.347	[P2P0]	INFO 	global	src/cryptonote_core/blockchain.cpp:3797	[1;35mBlock Archive [ALT  H=1546000 MRT=1523003051 NRT=1533023742347]
/home/map/.bitmonero/bitmonero.log-2018-07-31-13-53-41:2018-07-31 07:57:01.830	[P2P6]	INFO 	global	src/cryptonote_core/blockchain.cpp:3797	[1;35mBlock Archive [ALT  H=1546000 MRT=1523003051 NRT=1533023821830]
/home/map/.bitmonero/bitmonero.log-2018-07-31-13-53-41:2018-07-31 08:00:29.719	[P2P4]	INFO 	global	src/cryptonote_core/blockchain.cpp:3797	[1;35mBlock Archive [ALT  H=1546000 MRT=1523003051 NRT=1533024029719]
/home/map/.bitmonero/bitmonero.log-2018-07-31-13-53-41:2018-07-31 08:03:03.868	[P2P4]	INFO 	global	src/cryptonote_core/blockchain.cpp:3797	[1;35mBlock Archive [ALT  H=1546000 MRT=1523003051 NRT=1533024183868]
/home/map/.bitmonero/bitmonero.log-2018-07-31-13-53-41:2018-07-31 08:05:25.435	[P2P6]	INFO 	global	src/cryptonote_core/blockchain.cpp:3797	[1;35mBlock Archive [ALT  H=1546000 MRT=1523003051 NRT=1533024325435]
/home/map/.bitmonero/bitmonero.log-2018-07-31-13-53-41:2018-07-31 08:49:54.562	[P2P1]	INFO 	global	src/cryptonote_core/blockchain.cpp:3797	[1;35mBlock Archive [ALT  H=1578847 MRT=1527059325 NRT=1533026994562]
/home/map/.bitmonero/bitmonero.log-2018-07-31-13-53-41:2018-07-31 08:57:22.886	[P2P0]	INFO 	global	src/cryptonote_core/blockchain.cpp:3797	[1;35mBlock Archive [ALT  H=1565690 MRT=1525470502 NRT=1533027442886]
/home/map/.bitmonero/bitmonero.log-2018-07-31-13-53-41:2018-07-31 09:00:37.590	[P2P5]	INFO 	global	src/cryptonote_core/blockchain.cpp:3797	[1;35mBlock Archive [ALT  H=1565690 MRT=1525470502 NRT=1533027637590]
/home/map/.bitmonero/bitmonero.log-2018-07-31-13-53-41:2018-07-31 09:07:07.843	[P2P7]	INFO 	global	src/cryptonote_core/blockchain.cpp:3797	[1;35mBlock Archive [ALT  H=1565690 MRT=1525470502 NRT=1533028027843]
/home/map/.bitmonero/bitmonero.log-2018-07-31-13-53-41:2018-07-31 09:07:21.324	[P2P9]	INFO 	global	src/cryptonote_core/blockchain.cpp:3797	[1;35mBlock Archive [ALT  H=1565690 MRT=1525470502 NRT=1533028041324]
/home/map/.bitmonero/bitmonero.log-2018-07-31-13-53-41:2018-07-31 09:10:48.238	[P2P1]	INFO 	global	src/cryptonote_core/blockchain.cpp:3797	[1;35mBlock Archive [ALT  H=1565690 MRT=1525470502 NRT=1533028248238]
/home/map/.bitmonero/bitmonero.log-2018-07-31-13-53-41:2018-07-31 09:15:16.888	[P2P2]	INFO 	global	src/cryptonote_core/blockchain.cpp:3797	[1;35mBlock Archive [ALT  H=1565690 MRT=1525470502 NRT=1533028516888]
/home/map/.bitmonero/bitmonero.log-2018-07-31-13-53-41:2018-07-31 09:15:22.781	[P2P1]	INFO 	global	src/cryptonote_core/blockchain.cpp:3797	[1;35mBlock Archive [ALT  H=1565690 MRT=1525470502 NRT=1533028522781]
/home/map/.bitmonero/bitmonero.log-2018-07-31-13-53-41:2018-07-31 09:41:05.600	[P2P6]	INFO 	global	src/cryptonote_core/blockchain.cpp:3797	[1;35mBlock Archive [ALT  H=1546000 MRT=1523003051 NRT=1533030065600]
/home/map/.bitmonero/bitmonero.log-2018-07-31-13-53-41:2018-07-31 10:22:53.347	[P2P1]	INFO 	global	src/cryptonote_core/blockchain.cpp:3797	[1;35mBlock Archive [ALT  H=1565690 MRT=1525470502 NRT=1533032573347]
/home/map/.bitmonero/bitmonero.log-2018-07-31-13-53-41:2018-07-31 10:26:39.799	[P2P2]	INFO 	global	src/cryptonote_core/blockchain.cpp:3797	[1;35mBlock Archive [ALT  H=1565690 MRT=1525470502 NRT=1533032799799]
/home/map/.bitmonero/bitmonero.log-2018-07-31-13-53-41:2018-07-31 10:50:45.583	[P2P1]	INFO 	global	src/cryptonote_core/blockchain.cpp:3797	[1;35mBlock Archive [ALT  H=1546000 MRT=1523003051 NRT=1533034245583]
/home/map/.bitmonero/bitmonero.log-2018-07-31-13-53-41:2018-07-31 11:01:29.215	[P2P9]	INFO 	global	src/cryptonote_core/blockchain.cpp:3797	[1;35mBlock Archive [ALT  H=1546000 MRT=1523003051 NRT=1533034889215]
/home/map/.bitmonero/bitmonero.log-2018-07-31-13-53-41:2018-07-31 12:00:08.409	[P2P5]	INFO 	global	src/cryptonote_core/blockchain.cpp:3797	[1;35mBlock Archive [ALT  H=1546000 MRT=1523003051 NRT=1533038408409]
/home/map/.bitmonero/bitmonero.log-2018-07-31-13-53-41:2018-07-31 12:48:03.582	[P2P2]	INFO 	global	src/cryptonote_core/blockchain.cpp:3797	[1;35mBlock Archive [ALT  H=1546000 MRT=1523003051 NRT=1533041283582]
/home/map/.bitmonero/bitmonero.log-2018-07-31-13-53-41:2018-07-31 12:49:48.038	[P2P3]	INFO 	global	src/cryptonote_core/blockchain.cpp:3797	[1;35mBlock Archive [ALT  H=1546000 MRT=1523003051 NRT=1533041388038]
/home/map/.bitmonero/bitmonero.log-2018-07-31-13-53-41:2018-07-31 12:51:57.981	[P2P0]	INFO 	global	src/cryptonote_core/blockchain.cpp:3797	[1;35mBlock Archive [ALT  H=1546000 MRT=1523003051 NRT=1533041517981]
/home/map/.bitmonero/bitmonero.log-2018-07-31-13-53-41:2018-07-31 13:16:58.457	[P2P7]	INFO 	global	src/cryptonote_core/blockchain.cpp:3797	[1;35mBlock Archive [ALT  H=1583266 MRT=1527589214 NRT=1533043018456]
/home/map/.bitmonero/bitmonero.log-2018-07-31-13-53-41:2018-07-31 13:16:58.491	[P2P7]	INFO 	global	src/cryptonote_core/blockchain.cpp:1563	[1;34m----- BLOCK ADDED AS ALTERNATIVE ON HEIGHT 1583266
/home/map/.bitmonero/bitmonero.log-2018-07-31-13-53-41:2018-07-31 13:16:58.495	[P2P7]	INFO 	global	src/cryptonote_core/blockchain.cpp:3797	[1;35mBlock Archive [ALT  H=1583267 MRT=1527589283 NRT=1533043018495]
/home/map/.bitmonero/bitmonero.log-2018-07-31-13-53-41:2018-07-31 13:16:58.531	[P2P7]	INFO 	global	src/cryptonote_core/blockchain.cpp:1563	[1;34m----- BLOCK ADDED AS ALTERNATIVE ON HEIGHT 1583267
/home/map/.bitmonero/bitmonero.log-2018-07-31-13-53-41:2018-07-31 13:16:58.536	[P2P7]	INFO 	global	src/cryptonote_core/blockchain.cpp:3797	[1;35mBlock Archive [ALT  H=1583268 MRT=1527591040 NRT=1533043018536]
/home/map/.bitmonero/bitmonero.log-2018-07-31-13-53-41:2018-07-31 13:16:58.572	[P2P7]	INFO 	global	src/cryptonote_core/blockchain.cpp:1563	[1;34m----- BLOCK ADDED AS ALTERNATIVE ON HEIGHT 1583268
/home/map/.bitmonero/bitmonero.log-2018-07-31-13-53-41:2018-07-31 13:16:58.577	[P2P7]	INFO 	global	src/cryptonote_core/blockchain.cpp:3797	[1;35mBlock Archive [ALT  H=1583269 MRT=1527592068 NRT=1533043018577]
/home/map/.bitmonero/bitmonero.log-2018-07-31-13-53-41:2018-07-31 13:16:58.612	[P2P7]	INFO 	global	src/cryptonote_core/blockchain.cpp:1563	[1;34m----- BLOCK ADDED AS ALTERNATIVE ON HEIGHT 1583269
/home/map/.bitmonero/bitmonero.log-2018-07-31-13-53-41:2018-07-31 13:16:58.618	[P2P7]	INFO 	global	src/cryptonote_core/blockchain.cpp:3797	[1;35mBlock Archive [ALT  H=1583270 MRT=1527598546 NRT=1533043018617]
/home/map/.bitmonero/bitmonero.log-2018-07-31-13-53-41:2018-07-31 13:16:58.652	[P2P7]	INFO 	global	src/cryptonote_core/blockchain.cpp:1563	[1;34m----- BLOCK ADDED AS ALTERNATIVE ON HEIGHT 1583270
/home/map/.bitmonero/bitmonero.log-2018-07-31-13-53-41:2018-07-31 13:16:58.657	[P2P7]	INFO 	global	src/cryptonote_core/blockchain.cpp:3797	[1;35mBlock Archive [ALT  H=1583271 MRT=1527598725 NRT=1533043018657]
/home/map/.bitmonero/bitmonero.log-2018-07-31-13-53-41:2018-07-31 13:16:58.693	[P2P7]	INFO 	global	src/cryptonote_core/blockchain.cpp:1563	[1;34m----- BLOCK ADDED AS ALTERNATIVE ON HEIGHT 1583271
/home/map/.bitmonero/bitmonero.log-2018-07-31-13-53-41:2018-07-31 13:16:58.698	[P2P7]	INFO 	global	src/cryptonote_core/blockchain.cpp:3797	[1;35mBlock Archive [ALT  H=1583272 MRT=1527599487 NRT=1533043018698]
/home/map/.bitmonero/bitmonero.log-2018-07-31-13-53-41:2018-07-31 13:16:58.730	[P2P7]	INFO 	global	src/cryptonote_core/blockchain.cpp:1563	[1;34m----- BLOCK ADDED AS ALTERNATIVE ON HEIGHT 1583272
/home/map/.bitmonero/bitmonero.log-2018-07-31-13-53-41:2018-07-31 13:16:58.734	[P2P7]	INFO 	global	src/cryptonote_core/blockchain.cpp:3797	[1;35mBlock Archive [ALT  H=1583273 MRT=1527601482 NRT=1533043018734]
/home/map/.bitmonero/bitmonero.log-2018-07-31-13-53-41:2018-07-31 13:16:58.772	[P2P7]	INFO 	global	src/cryptonote_core/blockchain.cpp:1563	[1;34m----- BLOCK ADDED AS ALTERNATIVE ON HEIGHT 1583273
/home/map/.bitmonero/bitmonero.log-2018-07-31-13-53-41:2018-07-31 13:16:58.777	[P2P7]	INFO 	global	src/cryptonote_core/blockchain.cpp:3797	[1;35mBlock Archive [ALT  H=1583274 MRT=1527601896 NRT=1533043018777]
/home/map/.bitmonero/bitmonero.log-2018-07-31-13-53-41:2018-07-31 13:16:58.813	[P2P7]	INFO 	global	src/cryptonote_core/blockchain.cpp:1563	[1;34m----- BLOCK ADDED AS ALTERNATIVE ON HEIGHT 1583274
/home/map/.bitmonero/bitmonero.log-2018-07-31-13-53-41:2018-07-31 13:16:58.818	[P2P7]	INFO 	global	src/cryptonote_core/blockchain.cpp:3797	[1;35mBlock Archive [ALT  H=1583275 MRT=1527602120 NRT=1533043018818]
/home/map/.bitmonero/bitmonero.log-2018-07-31-13-53-41:2018-07-31 13:16:58.852	[P2P7]	INFO 	global	src/cryptonote_core/blockchain.cpp:1563	[1;34m----- BLOCK ADDED AS ALTERNATIVE ON HEIGHT 1583275
/home/map/.bitmonero/bitmonero.log-2018-07-31-13-53-41:2018-07-31 13:16:58.860	[P2P7]	INFO 	global	src/cryptonote_core/blockchain.cpp:3797	[1;35mBlock Archive [ALT  H=1583276 MRT=1527603333 NRT=1533043018860]
/home/map/.bitmonero/bitmonero.log-2018-07-31-13-53-41:2018-07-31 13:16:58.894	[P2P7]	INFO 	global	src/cryptonote_core/blockchain.cpp:1563	[1;34m----- BLOCK ADDED AS ALTERNATIVE ON HEIGHT 1583276
/home/map/.bitmonero/bitmonero.log-2018-07-31-13-53-41:2018-07-31 13:16:58.903	[P2P7]	INFO 	global	src/cryptonote_core/blockchain.cpp:3797	[1;35mBlock Archive [ALT  H=1583277 MRT=1527604161 NRT=1533043018903]
/home/map/.bitmonero/bitmonero.log-2018-07-31-13-53-41:2018-07-31 13:16:58.936	[P2P7]	INFO 	global	src/cryptonote_core/blockchain.cpp:1563	[1;34m----- BLOCK ADDED AS ALTERNATIVE ON HEIGHT 1583277
/home/map/.bitmonero/bitmonero.log-2018-07-31-13-53-41:2018-07-31 13:16:58.941	[P2P7]	INFO 	global	src/cryptonote_core/blockchain.cpp:3797	[1;35mBlock Archive [ALT  H=1583278 MRT=1527605444 NRT=1533043018941]
/home/map/.bitmonero/bitmonero.log-2018-07-31-13-53-41:2018-07-31 13:16:58.974	[P2P7]	INFO 	global	src/cryptonote_core/blockchain.cpp:1563	[1;34m----- BLOCK ADDED AS ALTERNATIVE ON HEIGHT 1583278
/home/map/.bitmonero/bitmonero.log-2018-07-31-13-53-41:2018-07-31 13:16:58.979	[P2P7]	INFO 	global	src/cryptonote_core/blockchain.cpp:3797	[1;35mBlock Archive [ALT  H=1583279 MRT=1527606007 NRT=1533043018979]
/home/map/.bitmonero/bitmonero.log-2018-07-31-13-53-41:2018-07-31 13:16:59.011	[P2P7]	INFO 	global	src/cryptonote_core/blockchain.cpp:1563	[1;34m----- BLOCK ADDED AS ALTERNATIVE ON HEIGHT 1583279
/home/map/.bitmonero/bitmonero.log-2018-07-31-13-53-41:2018-07-31 13:16:59.016	[P2P7]	INFO 	global	src/cryptonote_core/blockchain.cpp:3797	[1;35mBlock Archive [ALT  H=1583280 MRT=1527611204 NRT=1533043019016]
/home/map/.bitmonero/bitmonero.log-2018-07-31-13-53-41:2018-07-31 13:16:59.048	[P2P7]	INFO 	global	src/cryptonote_core/blockchain.cpp:1563	[1;34m----- BLOCK ADDED AS ALTERNATIVE ON HEIGHT 1583280
/home/map/.bitmonero/bitmonero.log-2018-07-31-13-53-41:2018-07-31 13:16:59.053	[P2P7]	INFO 	global	src/cryptonote_core/blockchain.cpp:3797	[1;35mBlock Archive [ALT  H=1583281 MRT=1527612086 NRT=1533043019053]
/home/map/.bitmonero/bitmonero.log-2018-07-31-13-53-41:2018-07-31 13:16:59.084	[P2P7]	INFO 	global	src/cryptonote_core/blockchain.cpp:1563	[1;34m----- BLOCK ADDED AS ALTERNATIVE ON HEIGHT 1583281
/home/map/.bitmonero/bitmonero.log-2018-07-31-13-53-41:2018-07-31 13:16:59.088	[P2P7]	INFO 	global	src/cryptonote_core/blockchain.cpp:3797	[1;35mBlock Archive [ALT  H=1583282 MRT=1527612686 NRT=1533043019088]
/home/map/.bitmonero/bitmonero.log-2018-07-31-13-53-41:2018-07-31 13:16:59.119	[P2P7]	INFO 	global	src/cryptonote_core/blockchain.cpp:1563	[1;34m----- BLOCK ADDED AS ALTERNATIVE ON HEIGHT 1583282
/home/map/.bitmonero/bitmonero.log-2018-07-31-13-53-41:2018-07-31 13:16:59.124	[P2P7]	INFO 	global	src/cryptonote_core/blockchain.cpp:3797	[1;35mBlock Archive [ALT  H=1583283 MRT=1527613539 NRT=1533043019124]
/home/map/.bitmonero/bitmonero.log-2018-07-31-13-53-41:2018-07-31 13:16:59.155	[P2P7]	INFO 	global	src/cryptonote_core/blockchain.cpp:1563	[1;34m----- BLOCK ADDED AS ALTERNATIVE ON HEIGHT 1583283
/home/map/.bitmonero/bitmonero.log-2018-07-31-13-53-41:2018-07-31 13:22:46.336	[P2P3]	INFO 	global	src/cryptonote_core/blockchain.cpp:3797	[1;35mBlock Archive [ALT  H=1565690 MRT=1525470502 NRT=1533043366336]
/home/map/.bitmonero/bitmonero.log-2018-07-31-13-53-41:2018-07-31 13:34:36.491	[P2P9]	INFO 	global	src/cryptonote_core/blockchain.cpp:3797	[1;35mBlock Archive [ALT  H=1566908 MRT=1525619146 NRT=1533044076491]
/home/map/.bitmonero/bitmonero.log-2018-08-01-09-15-34:2018-07-31 14:13:53.847	[P2P7]	INFO 	global	src/cryptonote_core/blockchain.cpp:3797	[1;35mBlock Archive [ALT  H=1566908 MRT=1525619146 NRT=1533046433846]
/home/map/.bitmonero/bitmonero.log-2018-08-01-09-15-34:2018-07-31 14:34:24.345	[P2P2]	INFO 	global	src/cryptonote_core/blockchain.cpp:3797	[1;35mBlock Archive [ALT  H=1546000 MRT=1523003051 NRT=1533047664344]
/home/map/.bitmonero/bitmonero.log-2018-08-01-09-15-34:2018-07-31 14:42:56.991	[P2P5]	INFO 	global	src/cryptonote_core/blockchain.cpp:3797	[1;35mBlock Archive [ALT  H=1546000 MRT=1523003051 NRT=1533048176991]
/home/map/.bitmonero/bitmonero.log-2018-08-01-09-15-34:2018-07-31 16:11:46.001	[P2P7]	INFO 	global	src/cryptonote_core/blockchain.cpp:3797	[1;35mBlock Archive [ALT  H=1546000 MRT=1523003051 NRT=1533053506001]
/home/map/.bitmonero/bitmonero.log-2018-08-01-09-15-34:2018-07-31 16:38:47.391	[P2P6]	INFO 	global	src/cryptonote_core/blockchain.cpp:3797	[1;35mBlock Archive [ALT  H=1628788 MRT=1533054518 NRT=1533055127391]
/home/map/.bitmonero/bitmonero.log-2018-08-01-09-15-34:2018-07-31 16:38:47.427	[P2P6]	INFO 	global	src/cryptonote_core/blockchain.cpp:1563	[1;34m----- BLOCK ADDED AS ALTERNATIVE ON HEIGHT 1628788
/home/map/.bitmonero/bitmonero.log-2018-08-01-09-15-34:2018-07-31 17:26:41.437	[P2P4]	INFO 	global	src/cryptonote_core/blockchain.cpp:3797	[1;35mBlock Archive [ALT  H=1565690 MRT=1525470502 NRT=1533058001437]
/home/map/.bitmonero/bitmonero.log-2018-08-01-09-15-34:2018-07-31 19:07:37.739	[P2P7]	INFO 	global	src/cryptonote_core/blockchain.cpp:3797	[1;35mBlock Archive [ALT  H=1546000 MRT=1523003051 NRT=1533064057739]
/home/map/.bitmonero/bitmonero.log-2018-08-01-09-15-34:2018-07-31 23:15:03.752	[P2P2]	INFO 	global	src/cryptonote_core/blockchain.cpp:3797	[1;35mBlock Archive [ALT  H=1546000 MRT=1523003051 NRT=1533078903752]
/home/map/.bitmonero/bitmonero.log-2018-08-01-09-15-34:2018-07-31 23:20:48.914	[P2P9]	INFO 	global	src/cryptonote_core/blockchain.cpp:3797	[1;35mBlock Archive [ALT  H=1546000 MRT=1523003051 NRT=1533079248914]
/home/map/.bitmonero/bitmonero.log-2018-08-01-09-15-34:2018-07-31 23:25:33.706	[P2P2]	INFO 	global	src/cryptonote_core/blockchain.cpp:3797	[1;35mBlock Archive [ALT  H=1546000 MRT=1523003051 NRT=1533079533706]
/home/map/.bitmonero/bitmonero.log-2018-08-01-09-15-34:2018-08-01 00:30:37.646	[P2P7]	INFO 	global	src/cryptonote_core/blockchain.cpp:3797	[1;35mBlock Archive [ALT  H=1546000 MRT=1523003051 NRT=1533083437646]
/home/map/.bitmonero/bitmonero.log-2018-08-01-09-15-34:2018-08-01 01:29:13.224	[P2P6]	INFO 	global	src/cryptonote_core/blockchain.cpp:3797	[1;35mBlock Archive [ALT  H=1546000 MRT=1523003051 NRT=1533086953224]
/home/map/.bitmonero/bitmonero.log-2018-08-01-09-15-34:2018-08-01 01:40:12.361	[P2P7]	INFO 	global	src/cryptonote_core/blockchain.cpp:3797	[1;35mBlock Archive [ALT  H=1546000 MRT=1523003051 NRT=1533087612361]
/home/map/.bitmonero/bitmonero.log-2018-08-01-09-15-34:2018-08-01 03:03:10.731	[P2P9]	INFO 	global	src/cryptonote_core/blockchain.cpp:3797	[1;35mBlock Archive [ALT  H=1565690 MRT=1525470502 NRT=1533092590731]
/home/map/.bitmonero/bitmonero.log-2018-08-01-09-15-34:2018-08-01 04:17:42.158	[P2P2]	INFO 	global	src/cryptonote_core/blockchain.cpp:3797	[1;35mBlock Archive [ALT  H=1546000 MRT=1523003051 NRT=1533097062158]
/home/map/.bitmonero/bitmonero.log-2018-08-01-09-15-34:2018-08-01 04:19:46.540	[P2P1]	INFO 	global	src/cryptonote_core/blockchain.cpp:3797	[1;35mBlock Archive [ALT  H=1546000 MRT=1523003051 NRT=1533097186540]
/home/map/.bitmonero/bitmonero.log-2018-08-01-09-15-34:2018-08-01 04:20:40.536	[P2P4]	INFO 	global	src/cryptonote_core/blockchain.cpp:3797	[1;35mBlock Archive [ALT  H=1546000 MRT=1523003051 NRT=1533097240536]
/home/map/.bitmonero/bitmonero.log-2018-08-01-09-15-34:2018-08-01 04:24:52.676	[P2P2]	INFO 	global	src/cryptonote_core/blockchain.cpp:3797	[1;35mBlock Archive [ALT  H=1546000 MRT=1523003051 NRT=1533097492676]
/home/map/.bitmonero/bitmonero.log-2018-08-01-09-15-34:2018-08-01 04:26:53.614	[P2P0]	INFO 	global	src/cryptonote_core/blockchain.cpp:3797	[1;35mBlock Archive [ALT  H=1546000 MRT=1523003051 NRT=1533097613614]
/home/map/.bitmonero/bitmonero.log-2018-08-01-09-15-34:2018-08-01 04:47:12.864	[P2P3]	INFO 	global	src/cryptonote_core/blockchain.cpp:3797	[1;35mBlock Archive [ALT  H=1581881 MRT=1527422945 NRT=1533098832864]
/home/map/.bitmonero/bitmonero.log-2018-08-01-09-15-34:2018-08-01 04:47:12.905	[P2P3]	INFO 	global	src/cryptonote_core/blockchain.cpp:1563	[1;34m----- BLOCK ADDED AS ALTERNATIVE ON HEIGHT 1581881
/home/map/.bitmonero/bitmonero.log-2018-08-01-09-15-34:2018-08-01 04:47:12.912	[P2P3]	INFO 	global	src/cryptonote_core/blockchain.cpp:3797	[1;35mBlock Archive [ALT  H=1581882 MRT=1527423950 NRT=1533098832912]
/home/map/.bitmonero/bitmonero.log-2018-08-01-09-15-34:2018-08-01 04:47:12.951	[P2P3]	INFO 	global	src/cryptonote_core/blockchain.cpp:1563	[1;34m----- BLOCK ADDED AS ALTERNATIVE ON HEIGHT 1581882
/home/map/.bitmonero/bitmonero.log-2018-08-01-09-15-34:2018-08-01 04:47:12.958	[P2P3]	INFO 	global	src/cryptonote_core/blockchain.cpp:3797	[1;35mBlock Archive [ALT  H=1581883 MRT=1527425254 NRT=1533098832958]
/home/map/.bitmonero/bitmonero.log-2018-08-01-09-15-34:2018-08-01 04:47:13.004	[P2P3]	INFO 	global	src/cryptonote_core/blockchain.cpp:1563	[1;34m----- BLOCK ADDED AS ALTERNATIVE ON HEIGHT 1581883
/home/map/.bitmonero/bitmonero.log-2018-08-01-09-15-34:2018-08-01 04:47:13.012	[P2P3]	INFO 	global	src/cryptonote_core/blockchain.cpp:3797	[1;35mBlock Archive [ALT  H=1581884 MRT=1527449129 NRT=1533098833012]
/home/map/.bitmonero/bitmonero.log-2018-08-01-09-15-34:2018-08-01 04:47:13.047	[P2P3]	INFO 	global	src/cryptonote_core/blockchain.cpp:1563	[1;34m----- BLOCK ADDED AS ALTERNATIVE ON HEIGHT 1581884
/home/map/.bitmonero/bitmonero.log-2018-08-01-09-15-34:2018-08-01 04:47:13.055	[P2P3]	INFO 	global	src/cryptonote_core/blockchain.cpp:3797	[1;35mBlock Archive [ALT  H=1581885 MRT=1527450105 NRT=1533098833055]
/home/map/.bitmonero/bitmonero.log-2018-08-01-09-15-34:2018-08-01 04:47:13.092	[P2P3]	INFO 	global	src/cryptonote_core/blockchain.cpp:1563	[1;34m----- BLOCK ADDED AS ALTERNATIVE ON HEIGHT 1581885
/home/map/.bitmonero/bitmonero.log-2018-08-01-09-15-34:2018-08-01 06:19:55.516	[P2P1]	INFO 	global	src/cryptonote_core/blockchain.cpp:3797	[1;35mBlock Archive [ALT  H=1565690 MRT=1525470502 NRT=1533104395516]
/home/map/.bitmonero/bitmonero.log-2018-08-01-09-15-34:2018-08-01 06:38:10.825	[P2P3]	INFO 	global	src/cryptonote_core/blockchain.cpp:3797	[1;35mBlock Archive [ALT  H=1546000 MRT=1523003051 NRT=1533105490825]
/home/map/.bitmonero/bitmonero.log-2018-08-01-09-15-34:2018-08-01 07:28:52.140	[P2P7]	INFO 	global	src/cryptonote_core/blockchain.cpp:3797	[1;35mBlock Archive [ALT  H=1546000 MRT=1523003051 NRT=1533108532140]
/home/map/.bitmonero/bitmonero.log-2018-08-01-09-15-34:2018-08-01 07:29:40.771	[P2P1]	INFO 	global	src/cryptonote_core/blockchain.cpp:3797	[1;35mBlock Archive [ALT  H=1546000 MRT=1523003051 NRT=1533108580771]
/home/map/.bitmonero/bitmonero.log-2018-08-01-09-15-34:2018-08-01 07:36:14.745	[P2P2]	INFO 	global	src/cryptonote_core/blockchain.cpp:3797	[1;35mBlock Archive [ALT  H=1546000 MRT=1523003051 NRT=1533108974745]
/home/map/.bitmonero/bitmonero.log-2018-08-01-09-15-34:2018-08-01 07:41:01.723	[P2P2]	INFO 	global	src/cryptonote_core/blockchain.cpp:3797	[1;35mBlock Archive [ALT  H=1546000 MRT=1523003051 NRT=1533109261723]
/home/map/.bitmonero/bitmonero.log-2018-08-01-09-15-34:2018-08-01 07:44:55.812	[P2P2]	INFO 	global	src/cryptonote_core/blockchain.cpp:3797	[1;35mBlock Archive [ALT  H=1546000 MRT=1523003051 NRT=1533109495812]
/home/map/.bitmonero/bitmonero.log-2018-08-02-04-28-43:2018-08-01 10:04:18.974	[P2P1]	INFO 	global	src/cryptonote_core/blockchain.cpp:3797	[1;35mBlock Archive [ALT  H=1546000 MRT=1523003051 NRT=1533117858974]
/home/map/.bitmonero/bitmonero.log-2018-08-02-04-28-43:2018-08-01 10:05:45.526	[P2P2]	INFO 	global	src/cryptonote_core/blockchain.cpp:3797	[1;35mBlock Archive [ALT  H=1629326 MRT=1533117772 NRT=1533117945526]
/home/map/.bitmonero/bitmonero.log-2018-08-02-04-28-43:2018-08-01 10:05:45.558	[P2P2]	INFO 	global	src/cryptonote_core/blockchain.cpp:1563	[1;34m----- BLOCK ADDED AS ALTERNATIVE ON HEIGHT 1629326
/home/map/.bitmonero/bitmonero.log-2018-08-02-04-28-43:2018-08-01 10:09:15.268	[P2P3]	INFO 	global	src/cryptonote_core/blockchain.cpp:3797	[1;35mBlock Archive [ALT  H=1546000 MRT=1523003051 NRT=1533118155268]
/home/map/.bitmonero/bitmonero.log-2018-08-02-04-28-43:2018-08-01 11:26:21.636	[P2P6]	INFO 	global	src/cryptonote_core/blockchain.cpp:3797	[1;35mBlock Archive [ALT  H=1546000 MRT=1523003051 NRT=1533122781636]
/home/map/.bitmonero/bitmonero.log-2018-08-02-04-28-43:2018-08-01 11:58:47.003	[P2P8]	INFO 	global	src/cryptonote_core/blockchain.cpp:3797	[1;35mBlock Archive [ALT  H=1546000 MRT=1523003051 NRT=1533124727003]
/home/map/.bitmonero/bitmonero.log-2018-08-02-04-28-43:2018-08-01 12:19:26.117	[P2P7]	INFO 	global	src/cryptonote_core/blockchain.cpp:3797	[1;35mBlock Archive [ALT  H=1546000 MRT=1523003051 NRT=1533125966117]
/home/map/.bitmonero/bitmonero.log-2018-08-02-04-28-43:2018-08-01 12:32:29.430	[P2P2]	INFO 	global	src/cryptonote_core/blockchain.cpp:3797	[1;35mBlock Archive [ALT  H=1546000 MRT=1523003051 NRT=1533126749429]
/home/map/.bitmonero/bitmonero.log-2018-08-02-04-28-43:2018-08-01 12:48:26.694	[P2P1]	INFO 	global	src/cryptonote_core/blockchain.cpp:3797	[1;35mBlock Archive [ALT  H=1546000 MRT=1523003051 NRT=1533127706694]
/home/map/.bitmonero/bitmonero.log-2018-08-02-04-28-43:2018-08-01 13:00:49.165	[P2P4]	INFO 	global	src/cryptonote_core/blockchain.cpp:3797	[1;35mBlock Archive [ALT  H=1546000 MRT=1523003051 NRT=1533128449165]
/home/map/.bitmonero/bitmonero.log-2018-08-02-04-28-43:2018-08-01 13:02:23.441	[P2P8]	INFO 	global	src/cryptonote_core/blockchain.cpp:3797	[1;35mBlock Archive [ALT  H=1546000 MRT=1523003051 NRT=1533128543441]
/home/map/.bitmonero/bitmonero.log-2018-08-02-04-28-43:2018-08-01 13:09:40.152	[P2P6]	INFO 	global	src/cryptonote_core/blockchain.cpp:3797	[1;35mBlock Archive [ALT  H=1546000 MRT=1523003051 NRT=1533128980152]
/home/map/.bitmonero/bitmonero.log-2018-08-02-04-28-43:2018-08-01 13:10:46.037	[P2P7]	INFO 	global	src/cryptonote_core/blockchain.cpp:3797	[1;35mBlock Archive [ALT  H=1546000 MRT=1523003051 NRT=1533129046037]
/home/map/.bitmonero/bitmonero.log-2018-08-02-04-28-43:2018-08-01 13:19:06.242	[P2P5]	INFO 	global	src/cryptonote_core/blockchain.cpp:3797	[1;35mBlock Archive [ALT  H=1546000 MRT=1523003051 NRT=1533129546242]
/home/map/.bitmonero/bitmonero.log-2018-08-02-04-28-43:2018-08-01 13:19:17.535	[P2P3]	INFO 	global	src/cryptonote_core/blockchain.cpp:3797	[1;35mBlock Archive [ALT  H=1546000 MRT=1523003051 NRT=1533129557535]
/home/map/.bitmonero/bitmonero.log-2018-08-02-04-28-43:2018-08-01 14:18:49.690	[P2P2]	INFO 	global	src/cryptonote_core/blockchain.cpp:3797	[1;35mBlock Archive [ALT  H=1565690 MRT=1525470502 NRT=1533133129690]
/home/map/.bitmonero/bitmonero.log-2018-08-02-04-28-43:2018-08-01 14:20:23.642	[P2P2]	INFO 	global	src/cryptonote_core/blockchain.cpp:3797	[1;35mBlock Archive [ALT  H=1565690 MRT=1525470502 NRT=1533133223642]
/home/map/.bitmonero/bitmonero.log-2018-08-02-04-28-43:2018-08-01 15:14:10.518	[P2P5]	INFO 	global	src/cryptonote_core/blockchain.cpp:3797	[1;35mBlock Archive [ALT  H=1546000 MRT=1523003051 NRT=1533136450518]
/home/map/.bitmonero/bitmonero.log-2018-08-02-04-28-43:2018-08-01 15:43:19.148	[P2P8]	INFO 	global	src/cryptonote_core/blockchain.cpp:3797	[1;35mBlock Archive [ALT  H=1565690 MRT=1525470502 NRT=1533138199148]
/home/map/.bitmonero/bitmonero.log-2018-08-02-04-28-43:2018-08-01 15:53:44.812	[P2P0]	INFO 	global	src/cryptonote_core/blockchain.cpp:3797	[1;35mBlock Archive [ALT  H=1565690 MRT=1525470502 NRT=1533138824812]
/home/map/.bitmonero/bitmonero.log-2018-08-02-04-28-43:2018-08-01 17:08:58.489	[P2P4]	INFO 	global	src/cryptonote_core/blockchain.cpp:3797	[1;35mBlock Archive [ALT  H=1546000 MRT=1523003051 NRT=1533143338488]
/home/map/.bitmonero/bitmonero.log-2018-08-02-04-28-43:2018-08-01 17:10:02.632	[P2P6]	INFO 	global	src/cryptonote_core/blockchain.cpp:3797	[1;35mBlock Archive [ALT  H=1546000 MRT=1523003051 NRT=1533143402632]
/home/map/.bitmonero/bitmonero.log-2018-08-02-04-28-43:2018-08-01 17:11:26.745	[P2P0]	INFO 	global	src/cryptonote_core/blockchain.cpp:3797	[1;35mBlock Archive [ALT  H=1546000 MRT=1523003051 NRT=1533143486745]
/home/map/.bitmonero/bitmonero.log-2018-08-02-04-28-43:2018-08-01 18:10:09.180	[P2P3]	INFO 	global	src/cryptonote_core/blockchain.cpp:3797	[1;35mBlock Archive [ALT  H=1546000 MRT=1523003051 NRT=1533147009180]
/home/map/.bitmonero/bitmonero.log-2018-08-02-04-28-43:2018-08-01 18:35:46.548	[P2P9]	INFO 	global	src/cryptonote_core/blockchain.cpp:3797	[1;35mBlock Archive [ALT  H=1546000 MRT=1523003051 NRT=1533148546548]
/home/map/.bitmonero/bitmonero.log-2018-08-02-04-28-43:2018-08-01 18:41:53.242	[P2P1]	INFO 	global	src/cryptonote_core/blockchain.cpp:3797	[1;35mBlock Archive [ALT  H=1546000 MRT=1523003051 NRT=1533148913242]
/home/map/.bitmonero/bitmonero.log-2018-08-02-04-28-43:2018-08-01 20:43:00.029	[P2P4]	INFO 	global	src/cryptonote_core/blockchain.cpp:3797	[1;35mBlock Archive [ALT  H=1546000 MRT=1523003051 NRT=1533156180029]
/home/map/.bitmonero/bitmonero.log-2018-08-02-04-28-43:2018-08-01 22:02:58.008	[P2P2]	INFO 	global	src/cryptonote_core/blockchain.cpp:3797	[1;35mBlock Archive [ALT  H=1568536 MRT=1525815442 NRT=1533160978008]
/home/map/.bitmonero/bitmonero.log-2018-08-02-04-28-43:2018-08-01 22:08:57.991	[P2P3]	INFO 	global	src/cryptonote_core/blockchain.cpp:3797	[1;35mBlock Archive [ALT  H=1568536 MRT=1525815442 NRT=1533161337991]
/home/map/.bitmonero/bitmonero.log-2018-08-02-04-28-43:2018-08-01 22:12:59.844	[P2P6]	INFO 	global	src/cryptonote_core/blockchain.cpp:3797	[1;35mBlock Archive [ALT  H=1568536 MRT=1525815442 NRT=1533161579844]
/home/map/.bitmonero/bitmonero.log-2018-08-02-04-28-43:2018-08-01 22:17:39.127	[P2P0]	INFO 	global	src/cryptonote_core/blockchain.cpp:3797	[1;35mBlock Archive [ALT  H=1565690 MRT=1525470502 NRT=1533161859127]
/home/map/.bitmonero/bitmonero.log-2018-08-02-04-28-43:2018-08-01 22:28:20.142	[P2P8]	INFO 	global	src/cryptonote_core/blockchain.cpp:3797	[1;35mBlock Archive [ALT  H=1546000 MRT=1523003051 NRT=1533162500142]
/home/map/.bitmonero/bitmonero.log-2018-08-02-04-28-43:2018-08-01 22:50:56.162	[P2P3]	INFO 	global	src/cryptonote_core/blockchain.cpp:3797	[1;35mBlock Archive [ALT  H=1602053 MRT=1529848339 NRT=1533163856161]
/home/map/.bitmonero/bitmonero.log-2018-08-02-04-28-43:2018-08-01 22:50:56.195	[P2P3]	INFO 	global	src/cryptonote_core/blockchain.cpp:1563	[1;34m----- BLOCK ADDED AS ALTERNATIVE ON HEIGHT 1602053
/home/map/.bitmonero/bitmonero.log-2018-08-02-04-28-43:2018-08-01 23:09:11.909	[P2P4]	INFO 	global	src/cryptonote_core/blockchain.cpp:3797	[1;35mBlock Archive [ALT  H=1546000 MRT=1523003051 NRT=1533164951909]
/home/map/.bitmonero/bitmonero.log-2018-08-02-04-28-43:2018-08-01 23:09:18.519	[P2P3]	INFO 	global	src/cryptonote_core/blockchain.cpp:3797	[1;35mBlock Archive [ALT  H=1546000 MRT=1523003051 NRT=1533164958519]
/home/map/.bitmonero/bitmonero.log-2018-08-02-04-28-43:2018-08-02 00:09:01.266	[P2P1]	INFO 	global	src/cryptonote_core/blockchain.cpp:3797	[1;35mBlock Archive [ALT  H=1546000 MRT=1523003051 NRT=1533168541266]
/home/map/.bitmonero/bitmonero.log-2018-08-02-04-28-43:2018-08-02 00:11:15.571	[P2P2]	INFO 	global	src/cryptonote_core/blockchain.cpp:3797	[1;35mBlock Archive [ALT  H=1546000 MRT=1523003051 NRT=1533168675571]
/home/map/.bitmonero/bitmonero.log-2018-08-02-04-28-43:2018-08-02 00:12:06.695	[P2P2]	INFO 	global	src/cryptonote_core/blockchain.cpp:3797	[1;35mBlock Archive [ALT  H=1546000 MRT=1523003051 NRT=1533168726695]
/home/map/.bitmonero/bitmonero.log-2018-08-02-04-28-43:2018-08-02 00:13:30.996	[P2P2]	INFO 	global	src/cryptonote_core/blockchain.cpp:3797	[1;35mBlock Archive [ALT  H=1546000 MRT=1523003051 NRT=1533168810996]
/home/map/.bitmonero/bitmonero.log-2018-08-02-04-28-43:2018-08-02 00:18:27.801	[P2P6]	INFO 	global	src/cryptonote_core/blockchain.cpp:3797	[1;35mBlock Archive [ALT  H=1546000 MRT=1523003051 NRT=1533169107801]
/home/map/.bitmonero/bitmonero.log-2018-08-02-04-28-43:2018-08-02 00:20:45.428	[P2P8]	INFO 	global	src/cryptonote_core/blockchain.cpp:3797	[1;35mBlock Archive [ALT  H=1546000 MRT=1523003051 NRT=1533169245428]
/home/map/.bitmonero/bitmonero.log-2018-08-02-04-28-43:2018-08-02 00:57:33.836	[P2P8]	INFO 	global	src/cryptonote_core/blockchain.cpp:3797	[1;35mBlock Archive [ALT  H=1546000 MRT=1523003051 NRT=1533171453836]
/home/map/.bitmonero/bitmonero.log-2018-08-02-04-28-43:2018-08-02 00:58:38.543	[P2P0]	INFO 	global	src/cryptonote_core/blockchain.cpp:3797	[1;35mBlock Archive [ALT  H=1546000 MRT=1523003051 NRT=1533171518543]
/home/map/.bitmonero/bitmonero.log-2018-08-02-04-28-43:2018-08-02 00:59:30.368	[P2P5]	INFO 	global	src/cryptonote_core/blockchain.cpp:3797	[1;35mBlock Archive [ALT  H=1546000 MRT=1523003051 NRT=1533171570368]
/home/map/.bitmonero/bitmonero.log-2018-08-02-04-28-43:2018-08-02 01:00:18.981	[P2P3]	INFO 	global	src/cryptonote_core/blockchain.cpp:3797	[1;35mBlock Archive [ALT  H=1546000 MRT=1523003051 NRT=1533171618981]
/home/map/.bitmonero/bitmonero.log-2018-08-02-04-28-43:2018-08-02 03:05:28.854	[P2P3]	INFO 	global	src/cryptonote_core/blockchain.cpp:3797	[1;35mBlock Archive [ALT  H=1546000 MRT=1523003051 NRT=1533179128854]
/home/map/.bitmonero/bitmonero.log-2018-08-02-04-28-43:2018-08-02 03:08:17.473	[P2P9]	INFO 	global	src/cryptonote_core/blockchain.cpp:3797	[1;35mBlock Archive [ALT  H=1546000 MRT=1523003051 NRT=1533179297473]
/home/map/.bitmonero/bitmonero.log-2018-08-02-04-28-43:2018-08-02 03:09:06.397	[P2P7]	INFO 	global	src/cryptonote_core/blockchain.cpp:3797	[1;35mBlock Archive [ALT  H=1546000 MRT=1523003051 NRT=1533179346397]
/home/map/.bitmonero/bitmonero.log-2018-08-02-04-28-43:2018-08-02 03:17:12.772	[P2P5]	INFO 	global	src/cryptonote_core/blockchain.cpp:3797	[1;35mBlock Archive [ALT  H=1546000 MRT=1523003051 NRT=1533179832772]
/home/map/.bitmonero/bitmonero.log-2018-08-02-04-28-43:2018-08-02 03:17:14.481	[P2P4]	INFO 	global	src/cryptonote_core/blockchain.cpp:3797	[1;35mBlock Archive [ALT  H=1546000 MRT=1523003051 NRT=1533179834481]
/home/map/.bitmonero/bitmonero.log-2018-08-02-04-28-43:2018-08-02 03:20:51.788	[P2P3]	INFO 	global	src/cryptonote_core/blockchain.cpp:3797	[1;35mBlock Archive [ALT  H=1546000 MRT=1523003051 NRT=1533180051788]
/home/map/.bitmonero/bitmonero.log-2018-08-02-04-28-43:2018-08-02 04:18:01.479	[P2P1]	INFO 	global	src/cryptonote_core/blockchain.cpp:3797	[1;35mBlock Archive [ALT  H=1609550 MRT=1530767806 NRT=1533183481479]
/home/map/.bitmonero/bitmonero.log-2018-08-02-04-28-43:2018-08-02 04:18:01.527	[P2P1]	INFO 	global	src/cryptonote_core/blockchain.cpp:1563	[1;34m----- BLOCK ADDED AS ALTERNATIVE ON HEIGHT 1609550
